<?xml version="1.0" encoding="UTF-8"?>
<!-- Generated by org.testng.reporters.JUnitXMLReporter -->
<testsuite ignored="0" hostname="DESKTOP-I3SPISH" failures="3" tests="12" name="ChromeTest" time="0.581" errors="0" timestamp="2024-10-28T15:40:20 IST">
  <testcase classname="com.DomsEpson.ProductTest.WomensProductTest" name="addProduct" time="0.029"/>
  <testcase classname="com.DomsEpson.ProductTest.WomensProductTest" name="removeProduct" time="0.006"/>
  <testcase classname="com.DomsEpson.ProductTest.WomensProductTest" name="updateProduct" time="0.021"/>
  <testcase classname="com.DomsEpson.ProductTest.ElectronicProductTest" name="addProduct" time="0.003">
    <failure type="java.lang.Error" message="Unresolved compilation problems: 
	Syntax error, insert &amp;quot;VariableDeclarators&amp;quot; to complete LocalVariableDeclaration
	Syntax error, insert &amp;quot;;&amp;quot; to complete LocalVariableDeclarationStatement
	ljhgyh cannot be resolved
">
      <![CDATA[java.lang.Error: Unresolved compilation problems: 
Syntax error, insert "VariableDeclarators" to complete LocalVariableDeclaration
Syntax error, insert ";" to complete LocalVariableDeclarationStatement
ljhgyh cannot be resolved

at com.DomsEpson.ProductTest.ElectronicProductTest.addProduct(ElectronicProductTest.java:9)
at java.base/java.util.ArrayList.forEach(ArrayList.java:1597)
... Removed 25 stack frames]]>
    </failure>
  </testcase> <!-- addProduct -->
  <testcase classname="com.DomsEpson.ProductTest.ElectronicProductTest" name="removeProduct" time="0.018">
    <failure type="java.lang.Error" message="Unresolved compilation problems: 
	Syntax error, insert &amp;quot;VariableDeclarators&amp;quot; to complete LocalVariableDeclaration
	Syntax error, insert &amp;quot;;&amp;quot; to complete LocalVariableDeclarationStatement
	bgjbgg cannot be resolved
">
      <![CDATA[java.lang.Error: Unresolved compilation problems: 
Syntax error, insert "VariableDeclarators" to complete LocalVariableDeclaration
Syntax error, insert ";" to complete LocalVariableDeclarationStatement
bgjbgg cannot be resolved

at com.DomsEpson.ProductTest.ElectronicProductTest.removeProduct(ElectronicProductTest.java:14)
at java.base/java.util.ArrayList.forEach(ArrayList.java:1597)
... Removed 25 stack frames]]>
    </failure>
  </testcase> <!-- removeProduct -->
  <testcase classname="com.DomsEpson.ProductTest.ElectronicProductTest" name="updateProduct" time="0.007">
    <failure type="java.lang.Error" message="Unresolved compilation problems: 
	Syntax error, insert &amp;quot;VariableDeclarators&amp;quot; to complete LocalVariableDeclaration
	Syntax error, insert &amp;quot;;&amp;quot; to complete LocalVariableDeclarationStatement
	vgfgbh cannot be resolved
">
      <![CDATA[java.lang.Error: Unresolved compilation problems: 
Syntax error, insert "VariableDeclarators" to complete LocalVariableDeclaration
Syntax error, insert ";" to complete LocalVariableDeclarationStatement
vgfgbh cannot be resolved

at com.DomsEpson.ProductTest.ElectronicProductTest.updateProduct(ElectronicProductTest.java:19)
at java.base/java.util.ArrayList.forEach(ArrayList.java:1597)
... Removed 25 stack frames]]>
    </failure>
  </testcase> <!-- updateProduct -->
  <testcase classname="com.DomsEpson.ProductTest.MensProductTest" name="addProduct" time="0.01"/>
  <testcase classname="com.DomsEpson.ProductTest.MensProductTest" name="removeProduct" time="0.006"/>
  <testcase classname="com.DomsEpson.ProductTest.MensProductTest" name="updateProduct" time="0.01"/>
  <testcase classname="com.DomsEpson.ProductTest.KidsProductTest" name="addProduct" time="0.002"/>
  <testcase classname="com.DomsEpson.ProductTest.KidsProductTest" name="removeProduct" time="0.016"/>
  <testcase classname="com.DomsEpson.ProductTest.KidsProductTest" name="updateProduct" time="0.016"/>
</testsuite> <!-- ChromeTest -->
